Determining if the pthread_create exist failed with the following output:
Change Dir: /home/jcaj/Downloads/gtest-1.7.0/CMakeFiles/CMakeTmp

Run Build Command:/usr/bin/make "cmTryCompileExec2554264541/fast"
/usr/bin/make -f CMakeFiles/cmTryCompileExec2554264541.dir/build.make CMakeFiles/cmTryCompileExec2554264541.dir/build
make[1]: Entrando no diretório `/home/jcaj/Downloads/gtest-1.7.0/CMakeFiles/CMakeTmp'
/usr/bin/cmake -E cmake_progress_report /home/jcaj/Downloads/gtest-1.7.0/CMakeFiles/CMakeTmp/CMakeFiles 1
Building C object CMakeFiles/cmTryCompileExec2554264541.dir/CheckSymbolExists.c.o
/usr/bin/cc    -o CMakeFiles/cmTryCompileExec2554264541.dir/CheckSymbolExists.c.o   -c /home/jcaj/Downloads/gtest-1.7.0/CMakeFiles/CMakeTmp/CheckSymbolExists.c
Linking C executable cmTryCompileExec2554264541
/usr/bin/cmake -E cmake_link_script CMakeFiles/cmTryCompileExec2554264541.dir/link.txt --verbose=1
/usr/bin/cc         CMakeFiles/cmTryCompileExec2554264541.dir/CheckSymbolExists.c.o  -o cmTryCompileExec2554264541 -rdynamic 
CMakeFiles/cmTryCompileExec2554264541.dir/CheckSymbolExists.c.o: na função `main':
CheckSymbolExists.c:(.text+0xa): referência indefinida para `pthread_create'
collect2: error: ld returned 1 exit status
make[1]: ** [cmTryCompileExec2554264541] Erro 1
make[1]: Saindo do diretório `/home/jcaj/Downloads/gtest-1.7.0/CMakeFiles/CMakeTmp'
make: ** [cmTryCompileExec2554264541/fast] Erro 2

File /home/jcaj/Downloads/gtest-1.7.0/CMakeFiles/CMakeTmp/CheckSymbolExists.c:
/* */
#include <pthread.h>

int main(int argc, char** argv)
{
  (void)argv;
#ifndef pthread_create
  return ((int*)(&pthread_create))[argc];
#else
  (void)argc;
  return 0;
#endif
}

Determining if the function pthread_create exists in the pthreads failed with the following output:
Change Dir: /home/jcaj/Downloads/gtest-1.7.0/CMakeFiles/CMakeTmp

Run Build Command:/usr/bin/make "cmTryCompileExec1337644552/fast"
/usr/bin/make -f CMakeFiles/cmTryCompileExec1337644552.dir/build.make CMakeFiles/cmTryCompileExec1337644552.dir/build
make[1]: Entrando no diretório `/home/jcaj/Downloads/gtest-1.7.0/CMakeFiles/CMakeTmp'
/usr/bin/cmake -E cmake_progress_report /home/jcaj/Downloads/gtest-1.7.0/CMakeFiles/CMakeTmp/CMakeFiles 1
Building C object CMakeFiles/cmTryCompileExec1337644552.dir/CheckFunctionExists.c.o
/usr/bin/cc   -DCHECK_FUNCTION_EXISTS=pthread_create   -o CMakeFiles/cmTryCompileExec1337644552.dir/CheckFunctionExists.c.o   -c /usr/share/cmake-2.8/Modules/CheckFunctionExists.c
Linking C executable cmTryCompileExec1337644552
/usr/bin/cmake -E cmake_link_script CMakeFiles/cmTryCompileExec1337644552.dir/link.txt --verbose=1
/usr/bin/cc     -DCHECK_FUNCTION_EXISTS=pthread_create    CMakeFiles/cmTryCompileExec1337644552.dir/CheckFunctionExists.c.o  -o cmTryCompileExec1337644552 -rdynamic -lpthreads 
/usr/bin/ld: não foi possível encontrar -lpthreads
collect2: error: ld returned 1 exit status
make[1]: ** [cmTryCompileExec1337644552] Erro 1
make[1]: Saindo do diretório `/home/jcaj/Downloads/gtest-1.7.0/CMakeFiles/CMakeTmp'
make: ** [cmTryCompileExec1337644552/fast] Erro 2


